{
  "stats": {
    "suites": 1,
    "tests": 1,
    "passes": 1,
    "pending": 0,
    "failures": 0,
    "start": "2026-02-17T06:45:55.375Z",
    "end": "2026-02-17T06:45:57.024Z",
    "duration": 1649,
    "testsRegistered": 1,
    "passPercent": 100,
    "pendingPercent": 0,
    "other": 0,
    "hasOther": false,
    "skipped": 0,
    "hasSkipped": false
  },
  "results": [
    {
      "uuid": "42736b1b-15d8-4f76-ad8f-ce6954400c40",
      "title": "",
      "fullFile": "F:\\QA Training\\saucedemo-automation-advance-part1\\test\\saucedemo.test.js",
      "file": "\\test\\saucedemo.test.js",
      "beforeHooks": [],
      "afterHooks": [],
      "tests": [],
      "suites": [
        {
          "uuid": "2d1dbd41-f1d1-4da5-af71-969fb8e89ce9",
          "title": "SauceDemo - Login & Sort A-Z (With Hooks)",
          "fullFile": "F:\\QA Training\\saucedemo-automation-advance-part1\\test\\saucedemo.test.js",
          "file": "\\test\\saucedemo.test.js",
          "beforeHooks": [
            {
              "title": "\"before all\" hook in \"SauceDemo - Login & Sort A-Z (With Hooks)\"",
              "fullTitle": "SauceDemo - Login & Sort A-Z (With Hooks) \"before all\" hook in \"SauceDemo - Login & Sort A-Z (With Hooks)\"",
              "timedOut": false,
              "duration": 905,
              "state": null,
              "speed": null,
              "pass": false,
              "fail": false,
              "pending": false,
              "context": null,
              "code": "driver = await new Builder()\n  .forBrowser('MicrosoftEdge')\n  .setEdgeOptions(new edge.Options())\n  .build();\nawait driver.manage().window().maximize();",
              "err": {},
              "uuid": "eaaf81e7-9767-4d22-9f05-d7e9748afca8",
              "parentUUID": "2d1dbd41-f1d1-4da5-af71-969fb8e89ce9",
              "isHook": true,
              "skipped": false
            },
            {
              "title": "\"before each\" hook in \"SauceDemo - Login & Sort A-Z (With Hooks)\"",
              "fullTitle": "SauceDemo - Login & Sort A-Z (With Hooks) \"before each\" hook in \"SauceDemo - Login & Sort A-Z (With Hooks)\"",
              "timedOut": false,
              "duration": 365,
              "state": null,
              "speed": null,
              "pass": false,
              "fail": false,
              "pending": false,
              "context": null,
              "code": "await driver.get('https://www.saucedemo.com/');",
              "err": {},
              "uuid": "a7196535-c06a-40ad-9810-70ce37cc82c4",
              "parentUUID": "2d1dbd41-f1d1-4da5-af71-969fb8e89ce9",
              "isHook": true,
              "skipped": false
            }
          ],
          "afterHooks": [
            {
              "title": "\"after all\" hook in \"SauceDemo - Login & Sort A-Z (With Hooks)\"",
              "fullTitle": "SauceDemo - Login & Sort A-Z (With Hooks) \"after all\" hook in \"SauceDemo - Login & Sort A-Z (With Hooks)\"",
              "timedOut": false,
              "duration": 43,
              "state": null,
              "speed": null,
              "pass": false,
              "fail": false,
              "pending": false,
              "context": null,
              "code": "if (driver) {\n  await driver.quit();\n}",
              "err": {},
              "uuid": "d61fc5e8-88bf-4c59-a9b0-29e48cb632f0",
              "parentUUID": "2d1dbd41-f1d1-4da5-af71-969fb8e89ce9",
              "isHook": true,
              "skipped": false
            },
            {
              "title": "\"after each\" hook in \"SauceDemo - Login & Sort A-Z (With Hooks)\"",
              "fullTitle": "SauceDemo - Login & Sort A-Z (With Hooks) \"after each\" hook in \"SauceDemo - Login & Sort A-Z (With Hooks)\"",
              "timedOut": false,
              "duration": 2,
              "state": null,
              "speed": null,
              "pass": false,
              "fail": false,
              "pending": false,
              "context": null,
              "code": "console.log('Test finished');",
              "err": {},
              "uuid": "5a51627e-4cc3-4462-9c86-e047508f93e2",
              "parentUUID": "2d1dbd41-f1d1-4da5-af71-969fb8e89ce9",
              "isHook": true,
              "skipped": false
            }
          ],
          "tests": [
            {
              "title": "should login successfully and sort products A-Z",
              "fullTitle": "SauceDemo - Login & Sort A-Z (With Hooks) should login successfully and sort products A-Z",
              "timedOut": false,
              "duration": 327,
              "state": "passed",
              "speed": "slow",
              "pass": true,
              "fail": false,
              "pending": false,
              "context": null,
              "code": "// Login\n    await driver.findElement(By.id('user-name')).sendKeys('standard_user');\n    await driver.findElement(By.id('password')).sendKeys('secret_sauce');\n    await driver.findElement(By.id('login-button')).click();\n    // Wait inventory page\n    await driver.wait(\n      until.elementLocated(By.className('inventory_item')),\n      10000\n    );\n    // Select A-Z sorting\n    const dropdown = await driver.findElement(\n      By.className('product_sort_container')\n    );\n    await dropdown.click();\n    await dropdown.findElement(By.css(\"option[value='az']\")).click();\n    // Wait until sorting applied\n    await driver.wait(async () => {\n      const firstItem = await driver\n        .findElement(By.className('inventory_item_name'))\n        .getText();\n      return firstItem === 'Sauce Labs Backpack';\n    }, 5000);\n    // Get product names\n    const products = await driver.findElements(\n      By.className('inventory_item_name')\n    );\n    const actualNames = [];\n    for (let product of products) {\n      actualNames.push(await product.getText());\n    }\n    // Expected sorted array\n    const expectedNames = [...actualNames].sort((a, b) =>\n      a.localeCompare(b)\n    );\n    // Assertion\n    assert.deepStrictEqual(actualNames, expectedNames);",
              "err": {},
              "uuid": "b5fef908-67ed-45e5-bed9-e0f2e08d5544",
              "parentUUID": "2d1dbd41-f1d1-4da5-af71-969fb8e89ce9",
              "isHook": false,
              "skipped": false
            }
          ],
          "suites": [],
          "passes": [
            "b5fef908-67ed-45e5-bed9-e0f2e08d5544"
          ],
          "failures": [],
          "pending": [],
          "skipped": [],
          "duration": 327,
          "root": false,
          "rootEmpty": false,
          "_timeout": 60000
        }
      ],
      "passes": [],
      "failures": [],
      "pending": [],
      "skipped": [],
      "duration": 0,
      "root": true,
      "rootEmpty": true,
      "_timeout": 60000
    }
  ],
  "meta": {
    "mocha": {
      "version": "11.7.5"
    },
    "mochawesome": {
      "options": {
        "quiet": false,
        "reportFilename": "mochawesome",
        "saveHtml": true,
        "saveJson": true,
        "consoleReporter": "spec",
        "useInlineDiffs": false,
        "code": true
      },
      "version": "7.1.4"
    },
    "marge": {
      "options": null,
      "version": "6.3.2"
    }
  }
}