{
  "stats": {
    "suites": 1,
    "tests": 4,
    "passes": 4,
    "pending": 0,
    "failures": 0,
    "start": "2026-02-18T11:50:36.424Z",
    "end": "2026-02-18T11:50:39.457Z",
    "duration": 3033,
    "testsRegistered": 4,
    "passPercent": 100,
    "pendingPercent": 0,
    "other": 0,
    "hasOther": false,
    "skipped": 0,
    "hasSkipped": false
  },
  "results": [
    {
      "uuid": "aa0cfbf6-f072-4e17-8d33-711a135fa58d",
      "title": "",
      "fullFile": "F:\\QA Training\\saucedemo-automation-advance-part2\\test\\login.test.js",
      "file": "\\test\\login.test.js",
      "beforeHooks": [],
      "afterHooks": [],
      "tests": [],
      "suites": [
        {
          "uuid": "6c416e0d-9aa6-48d3-8134-dcaf39244efd",
          "title": "SauceDemo Login - Visual Regression",
          "fullFile": "F:\\QA Training\\saucedemo-automation-advance-part2\\test\\login.test.js",
          "file": "\\test\\login.test.js",
          "beforeHooks": [
            {
              "title": "\"before all\" hook in \"SauceDemo Login - Visual Regression\"",
              "fullTitle": "SauceDemo Login - Visual Regression \"before all\" hook in \"SauceDemo Login - Visual Regression\"",
              "timedOut": false,
              "duration": 737,
              "state": null,
              "speed": null,
              "pass": false,
              "fail": false,
              "pending": false,
              "context": null,
              "code": "driver = await new Builder()\n  .forBrowser('MicrosoftEdge')\n  .setEdgeOptions(new edge.Options())\n  .build();\nloginPage = new LoginPage(driver);\ninventoryPage = new InventoryPage(driver);",
              "err": {},
              "uuid": "f00b58c8-145d-4f3f-966c-88a51a83c23b",
              "parentUUID": "6c416e0d-9aa6-48d3-8134-dcaf39244efd",
              "isHook": true,
              "skipped": false
            },
            {
              "title": "\"before each\" hook in \"SauceDemo Login - Visual Regression\"",
              "fullTitle": "SauceDemo Login - Visual Regression \"before each\" hook in \"SauceDemo Login - Visual Regression\"",
              "timedOut": false,
              "duration": 36,
              "state": null,
              "speed": null,
              "pass": false,
              "fail": false,
              "pending": false,
              "context": null,
              "code": "await loginPage.open();",
              "err": {},
              "uuid": "029f69eb-be82-49e3-a1ee-a531f15ee1af",
              "parentUUID": "6c416e0d-9aa6-48d3-8134-dcaf39244efd",
              "isHook": true,
              "skipped": false
            }
          ],
          "afterHooks": [
            {
              "title": "\"after all\" hook in \"SauceDemo Login - Visual Regression\"",
              "fullTitle": "SauceDemo Login - Visual Regression \"after all\" hook in \"SauceDemo Login - Visual Regression\"",
              "timedOut": false,
              "duration": 46,
              "state": null,
              "speed": null,
              "pass": false,
              "fail": false,
              "pending": false,
              "context": null,
              "code": "if (driver) await driver.quit();",
              "err": {},
              "uuid": "cc258374-9387-4c54-9e04-5d31af409e8a",
              "parentUUID": "6c416e0d-9aa6-48d3-8134-dcaf39244efd",
              "isHook": true,
              "skipped": false
            }
          ],
          "tests": [
            {
              "title": "Login with valid credentials",
              "fullTitle": "SauceDemo Login - Visual Regression Login with valid credentials",
              "timedOut": false,
              "duration": 511,
              "state": "passed",
              "speed": "slow",
              "pass": true,
              "fail": false,
              "pending": false,
              "context": null,
              "code": "await loginPage.login('standard_user', 'secret_sauce');\nconst isLoaded = await inventoryPage.isLoaded();\nassert.strictEqual(isLoaded, true);\nconst mismatch = await compareScreenshot(driver, 'positive_login');\nassert.strictEqual(mismatch, 0);",
              "err": {},
              "uuid": "eb4664b4-a37b-48b9-959f-800d2f78861c",
              "parentUUID": "6c416e0d-9aa6-48d3-8134-dcaf39244efd",
              "isHook": false,
              "skipped": false
            },
            {
              "title": "Login with invalid username",
              "fullTitle": "SauceDemo Login - Visual Regression Login with invalid username",
              "timedOut": false,
              "duration": 312,
              "state": "passed",
              "speed": "slow",
              "pass": true,
              "fail": false,
              "pending": false,
              "context": null,
              "code": "await loginPage.login('invalid_user', 'secret_sauce');\nconst errorText = await loginPage.getErrorMessage();\nassert.ok(errorText.includes('Username and password do not match'));\nconst mismatch = await compareScreenshot(driver, 'invalid_username');\nassert.strictEqual(mismatch, 0);",
              "err": {},
              "uuid": "0f2cee8a-05ed-4426-b5bb-ea8c8b23205f",
              "parentUUID": "6c416e0d-9aa6-48d3-8134-dcaf39244efd",
              "isHook": false,
              "skipped": false
            },
            {
              "title": "Login with wrong password",
              "fullTitle": "SauceDemo Login - Visual Regression Login with wrong password",
              "timedOut": false,
              "duration": 276,
              "state": "passed",
              "speed": "slow",
              "pass": true,
              "fail": false,
              "pending": false,
              "context": null,
              "code": "await loginPage.login('standard_user', 'wrong_password');\nconst errorText = await loginPage.getErrorMessage();\nassert.ok(errorText.includes('Username and password do not match'));\nconst mismatch = await compareScreenshot(driver, 'wrong_password');\nassert.strictEqual(mismatch, 0);",
              "err": {},
              "uuid": "02b1022b-25e3-4edb-bcaf-e85a3850db96",
              "parentUUID": "6c416e0d-9aa6-48d3-8134-dcaf39244efd",
              "isHook": false,
              "skipped": false
            },
            {
              "title": "Login with locked_out_user",
              "fullTitle": "SauceDemo Login - Visual Regression Login with locked_out_user",
              "timedOut": false,
              "duration": 264,
              "state": "passed",
              "speed": "slow",
              "pass": true,
              "fail": false,
              "pending": false,
              "context": null,
              "code": "await loginPage.login('locked_out_user', 'secret_sauce');\n    const errorText = await loginPage.getErrorMessage();\n    assert.ok(errorText.includes('Sorry, this user has been locked out'));\n    const mismatch = await compareScreenshot(driver, 'locked_out_user');\n    assert.strictEqual(mismatch, 0);",
              "err": {},
              "uuid": "01f0f5d6-018c-41f3-9f7d-fc2af13923e2",
              "parentUUID": "6c416e0d-9aa6-48d3-8134-dcaf39244efd",
              "isHook": false,
              "skipped": false
            }
          ],
          "suites": [],
          "passes": [
            "eb4664b4-a37b-48b9-959f-800d2f78861c",
            "0f2cee8a-05ed-4426-b5bb-ea8c8b23205f",
            "02b1022b-25e3-4edb-bcaf-e85a3850db96",
            "01f0f5d6-018c-41f3-9f7d-fc2af13923e2"
          ],
          "failures": [],
          "pending": [],
          "skipped": [],
          "duration": 1363,
          "root": false,
          "rootEmpty": false,
          "_timeout": 60000
        }
      ],
      "passes": [],
      "failures": [],
      "pending": [],
      "skipped": [],
      "duration": 0,
      "root": true,
      "rootEmpty": true,
      "_timeout": 60000
    }
  ],
  "meta": {
    "mocha": {
      "version": "11.7.5"
    },
    "mochawesome": {
      "options": {
        "quiet": false,
        "reportFilename": "mochawesome",
        "saveHtml": true,
        "saveJson": true,
        "consoleReporter": "spec",
        "useInlineDiffs": false,
        "code": true
      },
      "version": "7.1.4"
    },
    "marge": {
      "options": null,
      "version": "6.3.2"
    }
  }
}