{
  "stats": {
    "suites": 1,
    "tests": 1,
    "passes": 1,
    "pending": 0,
    "failures": 0,
    "start": "2026-02-17T06:38:47.204Z",
    "end": "2026-02-17T06:38:48.725Z",
    "duration": 1521,
    "testsRegistered": 1,
    "passPercent": 100,
    "pendingPercent": 0,
    "other": 0,
    "hasOther": false,
    "skipped": 0,
    "hasSkipped": false
  },
  "results": [
    {
      "uuid": "3b59a0e6-7bd9-48cf-8941-4ad0a824b7d3",
      "title": "",
      "fullFile": "F:\\QA Training\\saucedemo-automation\\test\\saucedemo.test.js",
      "file": "\\test\\saucedemo.test.js",
      "beforeHooks": [],
      "afterHooks": [],
      "tests": [],
      "suites": [
        {
          "uuid": "740f4863-18b9-45d9-83af-5133d0cec9fb",
          "title": "SauceDemo - Login & Sort A-Z",
          "fullFile": "F:\\QA Training\\saucedemo-automation\\test\\saucedemo.test.js",
          "file": "\\test\\saucedemo.test.js",
          "beforeHooks": [
            {
              "title": "\"before all\" hook in \"SauceDemo - Login & Sort A-Z\"",
              "fullTitle": "SauceDemo - Login & Sort A-Z \"before all\" hook in \"SauceDemo - Login & Sort A-Z\"",
              "timedOut": false,
              "duration": 762,
              "state": null,
              "speed": null,
              "pass": false,
              "fail": false,
              "pending": false,
              "context": null,
              "code": "driver = await new Builder()\n  .forBrowser('MicrosoftEdge')\n  .setEdgeOptions(new edge.Options())\n  .build();\nawait driver.manage().window().maximize();",
              "err": {},
              "uuid": "380dd73e-2bb6-443a-a2f6-3f1727bd9746",
              "parentUUID": "740f4863-18b9-45d9-83af-5133d0cec9fb",
              "isHook": true,
              "skipped": false
            }
          ],
          "afterHooks": [
            {
              "title": "\"after all\" hook in \"SauceDemo - Login & Sort A-Z\"",
              "fullTitle": "SauceDemo - Login & Sort A-Z \"after all\" hook in \"SauceDemo - Login & Sort A-Z\"",
              "timedOut": false,
              "duration": 38,
              "state": null,
              "speed": null,
              "pass": false,
              "fail": false,
              "pending": false,
              "context": null,
              "code": "if (driver) {\n  await driver.quit();\n}",
              "err": {},
              "uuid": "617f5783-5b0d-44c0-880a-d7308beb74e3",
              "parentUUID": "740f4863-18b9-45d9-83af-5133d0cec9fb",
              "isHook": true,
              "skipped": false
            }
          ],
          "tests": [
            {
              "title": "should login successfully and sort products A-Z",
              "fullTitle": "SauceDemo - Login & Sort A-Z should login successfully and sort products A-Z",
              "timedOut": false,
              "duration": 714,
              "state": "passed",
              "speed": "slow",
              "pass": true,
              "fail": false,
              "pending": false,
              "context": null,
              "code": "// 1️⃣ Open website\n    await driver.get('https://www.saucedemo.com/');\n    // 2️⃣ Login\n    await driver.findElement(By.id('user-name')).sendKeys('standard_user');\n    await driver.findElement(By.id('password')).sendKeys('secret_sauce');\n    await driver.findElement(By.id('login-button')).click();\n    // 3️⃣ Wait until inventory page loads\n    await driver.wait(\n      until.elementLocated(By.className('inventory_item')),\n      10000\n    );\n    // 4️⃣ Select \"Name (A to Z)\" using value attribute\n    const dropdown = await driver.findElement(\n      By.className('product_sort_container')\n    );\n    await dropdown.click();\n    await dropdown.findElement(By.css(\"option[value='az']\")).click();\n    // 5️⃣ Wait until sorting is applied\n    await driver.wait(async () => {\n      const firstItem = await driver\n        .findElement(By.className('inventory_item_name'))\n        .getText();\n      return firstItem === 'Sauce Labs Backpack';\n    }, 5000);\n    // 6️⃣ Get product names from UI\n    const productElements = await driver.findElements(\n      By.className('inventory_item_name')\n    );\n    const actualNames = [];\n    for (let product of productElements) {\n      actualNames.push(await product.getText());\n    }\n    // 7️⃣ Create sorted copy\n    const expectedNames = [...actualNames].sort((a, b) =>\n      a.localeCompare(b)\n    );\n    // 8️⃣ Assert\n    assert.deepStrictEqual(actualNames, expectedNames);",
              "err": {},
              "uuid": "d0dfd818-d818-4661-a3fa-1d8a91588c4a",
              "parentUUID": "740f4863-18b9-45d9-83af-5133d0cec9fb",
              "isHook": false,
              "skipped": false
            }
          ],
          "suites": [],
          "passes": [
            "d0dfd818-d818-4661-a3fa-1d8a91588c4a"
          ],
          "failures": [],
          "pending": [],
          "skipped": [],
          "duration": 714,
          "root": false,
          "rootEmpty": false,
          "_timeout": 60000
        }
      ],
      "passes": [],
      "failures": [],
      "pending": [],
      "skipped": [],
      "duration": 0,
      "root": true,
      "rootEmpty": true,
      "_timeout": 60000
    }
  ],
  "meta": {
    "mocha": {
      "version": "11.7.5"
    },
    "mochawesome": {
      "options": {
        "quiet": false,
        "reportFilename": "mochawesome",
        "saveHtml": true,
        "saveJson": true,
        "consoleReporter": "spec",
        "useInlineDiffs": false,
        "code": true
      },
      "version": "7.1.4"
    },
    "marge": {
      "options": null,
      "version": "6.3.2"
    }
  }
}